Removed Pin From Net: NetName=NetBH1_1 Pin=LED1-2
Removed Pin From Net: NetName=NetIC1_2 Pin=R1-1
Added Component: Designator=C1(CAPC1005X55N)
Add component. Clean all parameters for all variants
Add component (AddParameter): Name = "Datasheet Link"; Value = "https://content.kemet.com/datasheets/KEM_C1002_X7R_SMD.pdf"; VariantName = "[No Variations]"
Add component (AddParameter): Name = "Height"; Value = "0.55mm"; VariantName = "[No Variations]"
Add component (AddParameter): Name = "Manufacturer_Name"; Value = "Kemet"; VariantName = "[No Variations]"
Add component (AddParameter): Name = "Manufacturer_Part_Number"; Value = "C0402C829D3GACTU"; VariantName = "[No Variations]"
Add component (AddParameter): Name = "Mouser Part Number"; Value = "80-C0402C829D3G"; VariantName = "[No Variations]"
Add component (AddParameter): Name = "Mouser Price/Stock"; Value = "https://www.mouser.com/Search/Refine.aspx?Keyword=80-C0402C829D3G"; VariantName = "[No Variations]"
Add component (AddParameter): Name = "RS Part Number"; Value = ""; VariantName = "[No Variations]"
Add component (AddParameter): Name = "RS Price/Stock"; Value = ""; VariantName = "[No Variations]"
Added Component: Designator=R2(RESC1005X40N)
Add component. Clean all parameters for all variants
Add component (AddParameter): Name = "Datasheet Link"; Value = "https://www.seielect.com/catalog/sei-rmcf_rmcp.pdf"; VariantName = "[No Variations]"
Add component (AddParameter): Name = "Height"; Value = "0.4mm"; VariantName = "[No Variations]"
Add component (AddParameter): Name = "Manufacturer_Name"; Value = "Stackpole Electronics Inc."; VariantName = "[No Variations]"
Add component (AddParameter): Name = "Manufacturer_Part_Number"; Value = "RMCF0402ZT0R00"; VariantName = "[No Variations]"
Add component (AddParameter): Name = "Mouser Part Number"; Value = ""; VariantName = "[No Variations]"
Add component (AddParameter): Name = "Mouser Price/Stock"; Value = ""; VariantName = "[No Variations]"
Add component (AddParameter): Name = "RS Part Number"; Value = ""; VariantName = "[No Variations]"
Add component (AddParameter): Name = "RS Price/Stock"; Value = ""; VariantName = "[No Variations]"
Added Pin To Net: NetName=NetBH1_3 Pin=C1-1
Added Pin To Net: NetName=NetIC1_2 Pin=LED1-1
Added Pin To Net: NetName=NetBH1_1 Pin=R1-2
Added Pin To Net: NetName=NetIC1_2 Pin=R2-1
Added Pin To Net: NetName=NetBH1_1 Pin=R2-2
Added Pin To Net: NetName=VDD Pin=BH1-2
Added Pin To Net: NetName=VDD Pin=C1-2
Added Net: Name=VDD
Added Member To Class: ClassName=LUMW Member=Component C1 0.47uF
Added Member To Class: ClassName=LUMW Member=Component R2 24k
Added Room: Name=LUMW
