Removed Pin From Net: NetName=NetLED2_1 Pin=LED2-1
Removed Pin From Net: NetName=NetLED2_2 Pin=LED2-2
Removed Pin From Net: NetName=NetP2_1 Pin=P2-1
Removed Pin From Net: NetName=NetP2_2 Pin=P2-2
Removed Pin From Net: NetName=NetP2_1 Pin=P2-3
Removed Pin From Net: NetName=NetLED2_1 Pin=P2-4
Removed Pin From Net: NetName=NetLED2_2 Pin=R2-1
Removed Pin From Net: NetName=NetR2_2 Pin=R2-2
Removed Pin From Net: NetName=NetR2_2 Pin=U2-1
Removed Pin From Net: NetName=NetP2_2 Pin=U2-5
Removed Member From Class: ClassName=Sera Member=LED2
Removed Member From Class: ClassName=Sera Member=P2
Removed Member From Class: ClassName=Sera Member=R2
Removed Member From Class: ClassName=Sera Member=U2
Added Component: Designator=LED?(LEDC1608X55N)
Add component. Clean all parameters for all variants
Add component (AddParameter): Name = "Datasheet Link"; Value = "http://www.mouser.com/ds/2/239/S_110_LTST-C191KGKT-369560.pdf"; VariantName = "[No Variations]"
Add component (AddParameter): Name = "Height"; Value = "0.55mm"; VariantName = "[No Variations]"
Add component (AddParameter): Name = "Manufacturer_Name"; Value = "Lite-On"; VariantName = "[No Variations]"
Add component (AddParameter): Name = "Manufacturer_Part_Number"; Value = "LTST-C191KGKT"; VariantName = "[No Variations]"
Add component (AddParameter): Name = "Mouser Part Number"; Value = "859-LTST-C191KGKT"; VariantName = "[No Variations]"
Add component (AddParameter): Name = "Mouser Price/Stock"; Value = "https://www.mouser.com/Search/Refine.aspx?Keyword=859-LTST-C191KGKT"; VariantName = "[No Variations]"
Add component (AddParameter): Name = "RS Part Number"; Value = "6921010P"; VariantName = "[No Variations]"
Add component (AddParameter): Name = "RS Price/Stock"; Value = "http://uk.rs-online.com/web/p/products/6921010P"; VariantName = "[No Variations]"
Added Component: Designator=P?(HDR2X2)
Add component. Clean all parameters for all variants
Add component (AddParameter): Name = "LatestRevisionDate"; Value = "17-Jul-2002"; VariantName = "[No Variations]"
Add component (AddParameter): Name = "LatestRevisionNote"; Value = "Re-released for DXP Platform."; VariantName = "[No Variations]"
Add component (AddParameter): Name = "Publisher"; Value = "Altium Limited"; VariantName = "[No Variations]"
Added Component: Designator=R?(RESC2012X60N)
Add component. Clean all parameters for all variants
Add component (AddParameter): Name = "Datasheet Link"; Value = "https://componentsearchengine.com/Datasheets/1/CRCW08051R00FKEAHP.pdf"; VariantName = "[No Variations]"
Add component (AddParameter): Name = "Height"; Value = "0.6mm"; VariantName = "[No Variations]"
Add component (AddParameter): Name = "Manufacturer_Name"; Value = "Vishay"; VariantName = "[No Variations]"
Add component (AddParameter): Name = "Manufacturer_Part_Number"; Value = "CRCW0805160RFKEAHP"; VariantName = "[No Variations]"
Add component (AddParameter): Name = "Mouser Part Number"; Value = "71-CRCW0805160RFKEAH"; VariantName = "[No Variations]"
Add component (AddParameter): Name = "Mouser Price/Stock"; Value = "https://www.mouser.com/Search/Refine.aspx?Keyword=71-CRCW0805160RFKEAH"; VariantName = "[No Variations]"
Add component (AddParameter): Name = "RS Part Number"; Value = ""; VariantName = "[No Variations]"
Add component (AddParameter): Name = "RS Price/Stock"; Value = ""; VariantName = "[No Variations]"
Added Component: Designator=U?(BATHLD001THM)
Add component. Clean all parameters for all variants
Add component (AddParameter): Name = "Datasheet Link"; Value = "http://www.mouser.com/datasheet/2/238/BAT-HLD-001-THM Diagram-1175214.pdf"; VariantName = "[No Variations]"
Add component (AddParameter): Name = "Height"; Value = "4.2mm"; VariantName = "[No Variations]"
Add component (AddParameter): Name = "Manufacturer_Name"; Value = "Linx Technologies"; VariantName = "[No Variations]"
Add component (AddParameter): Name = "Manufacturer_Part_Number"; Value = "BAT-HLD-001-THM"; VariantName = "[No Variations]"
Add component (AddParameter): Name = "Mouser Part Number"; Value = "712-BAT-HLD-001-THM"; VariantName = "[No Variations]"
Add component (AddParameter): Name = "Mouser Price/Stock"; Value = "https://www.mouser.com/Search/Refine.aspx?Keyword=712-BAT-HLD-001-THM"; VariantName = "[No Variations]"
Add component (AddParameter): Name = "RS Part Number"; Value = ""; VariantName = "[No Variations]"
Add component (AddParameter): Name = "RS Price/Stock"; Value = ""; VariantName = "[No Variations]"
Added Pin To Net: NetName=NetLED2_1 Pin=LED?-1
Added Pin To Net: NetName=NetLED2_2 Pin=LED?-2
Added Pin To Net: NetName=NetP2_1 Pin=P?-1
Added Pin To Net: NetName=NetP2_2 Pin=P?-2
Added Pin To Net: NetName=NetP2_1 Pin=P?-3
Added Pin To Net: NetName=NetLED2_1 Pin=P?-4
Added Pin To Net: NetName=NetLED2_2 Pin=R?-1
Added Pin To Net: NetName=NetR2_2 Pin=R?-2
Added Pin To Net: NetName=NetR2_2 Pin=U?-1
Added Pin To Net: NetName=NetP2_2 Pin=U?-5
Change Net Name : Old Net Name=NetLED2_1 New Net Name=NetLED?_1
Change Net Name : Old Net Name=NetLED2_2 New Net Name=NetLED?_2
Change Net Name : Old Net Name=NetP2_1 New Net Name=NetP?_1
Change Net Name : Old Net Name=NetP2_2 New Net Name=NetP?_2
Change Net Name : Old Net Name=NetR2_2 New Net Name=NetR?_2
Added Class: Name=Cade
Added Room: Name=Cade
Added Room: Name=Sera
